<?xml version="1.0" encoding="UTF-8"?>
<testng-results ignored="0" total="2" passed="2" failed="0" skipped="0">
  <reporter-output>
  </reporter-output>
  <suite started-at="2021-09-07T16:30:17 IST" name="Default suite" finished-at="2021-09-07T16:30:26 IST" duration-ms="9073">
    <groups>
    </groups>
    <test started-at="2021-09-07T16:30:17 IST" name="Default test" finished-at="2021-09-07T16:30:26 IST" duration-ms="9073">
      <class name="learntesting.DataProviderDemo">
        <test-method is-config="true" signature="beforeTest()[pri:0, instance:learntesting.DataProviderDemo@22e357dc]" started-at="2021-09-07T16:30:17 IST" name="beforeTest" finished-at="2021-09-07T16:30:19 IST" duration-ms="1615" status="PASS">
          <reporter-output>
          </reporter-output>
        </test-method> <!-- beforeTest -->
        <test-method signature="f(java.lang.String,java.lang.String)[pri:0, instance:learntesting.DataProviderDemo@22e357dc]" started-at="2021-09-07T16:30:19 IST" name="f" data-provider="dp" finished-at="2021-09-07T16:30:24 IST" duration-ms="4877" status="PASS">
          <params>
            <param index="0">
              <value>
                <![CDATA[rekhabr1@gmail.com]]>
              </value>
            </param>
            <param index="1">
              <value>
                <![CDATA[rekhab]]>
              </value>
            </param>
          </params>
          <reporter-output>
          </reporter-output>
        </test-method> <!-- f -->
        <test-method signature="f(java.lang.String,java.lang.String)[pri:0, instance:learntesting.DataProviderDemo@22e357dc]" started-at="2021-09-07T16:30:24 IST" name="f" data-provider="dp" finished-at="2021-09-07T16:30:26 IST" duration-ms="2413" status="PASS">
          <params>
            <param index="0">
              <value>
                <![CDATA[jennifer1998@gmail.com]]>
              </value>
            </param>
            <param index="1">
              <value>
                <![CDATA[pass123$]]>
              </value>
            </param>
          </params>
          <reporter-output>
          </reporter-output>
        </test-method> <!-- f -->
        <test-method is-config="true" signature="afterTest()[pri:0, instance:learntesting.DataProviderDemo@22e357dc]" started-at="2021-09-07T16:30:26 IST" name="afterTest" finished-at="2021-09-07T16:30:26 IST" duration-ms="112" status="PASS">
          <reporter-output>
          </reporter-output>
        </test-method> <!-- afterTest -->
      </class> <!-- learntesting.DataProviderDemo -->
    </test> <!-- Default test -->
  </suite> <!-- Default suite -->
</testng-results>
