<?xml version="1.0" encoding="UTF-8"?>
<!-- Generated by org.testng.reporters.JUnitXMLReporter -->
<testsuite ignored="0" hostname="LAPTOP-ITT2ACOD" failures="1" tests="2" name="Parallel Tests" time="5.479" errors="0" timestamp="2021-09-06T16:08:03 IST">
  <testcase classname="learntesting.ParallelTest" name="test2" time="4.701">
    <failure type="java.lang.AssertionError" message="expected [google] but found [Demo Web Shop]">
      <![CDATA[java.lang.AssertionError: expected [google] but found [Demo Web Shop]
at learntesting.ParallelTest.test2(ParallelTest.java:26)
at java.base/java.util.concurrent.ThreadPoolExecutor.runWorker(ThreadPoolExecutor.java:1128)
at java.base/java.util.concurrent.ThreadPoolExecutor$Worker.run(ThreadPoolExecutor.java:628)
at java.base/java.lang.Thread.run(Thread.java:834)
... Removed 18 stack frames]]>
    </failure>
  </testcase> <!-- test2 -->
  <testcase classname="learntesting.ParallelTest" name="test1" time="5.444"/>
</testsuite> <!-- Parallel Tests -->
