<?xml version="1.0" encoding="UTF-8"?>
<testng-results ignored="0" total="1" passed="1" failed="0" skipped="0">
  <reporter-output>
  </reporter-output>
  <suite started-at="2021-09-20T12:37:32 IST" name="Default suite" finished-at="2021-09-20T12:37:35 IST" duration-ms="2329">
    <groups>
    </groups>
    <test started-at="2021-09-20T12:37:32 IST" name="Default test" finished-at="2021-09-20T12:37:35 IST" duration-ms="2329">
      <class name="restassuredrequests.DeleteRequest">
        <test-method signature="testDelete()[pri:0, instance:restassuredrequests.DeleteRequest@2cd2a21f]" started-at="2021-09-20T12:37:32 IST" name="testDelete" finished-at="2021-09-20T12:37:35 IST" duration-ms="2292" status="PASS">
          <reporter-output>
          </reporter-output>
        </test-method> <!-- testDelete -->
      </class> <!-- restassuredrequests.DeleteRequest -->
    </test> <!-- Default test -->
  </suite> <!-- Default suite -->
</testng-results>
