<?xml version="1.0" encoding="UTF-8"?>
<!-- Generated by org.testng.reporters.JUnitXMLReporter -->
<testsuite ignored="0" hostname="LAPTOP-ITT2ACOD" failures="1" tests="6" name="Test" time="26.164" errors="0" timestamp="2021-09-07T10:11:09 IST">
  <testcase classname="learntesting.TitleAndLogo" name="checkTitle" time="0.073">
    <failure type="java.lang.AssertionError" message="expected [google] but found [Google]">
      <![CDATA[java.lang.AssertionError: expected [google] but found [Google]
at learntesting.TitleAndLogo.checkTitle(TitleAndLogo.java:28)
at java.base/java.util.ArrayList.forEach(ArrayList.java:1541)
... Removed 33 stack frames]]>
    </failure>
  </testcase> <!-- checkTitle -->
  <testcase classname="learntesting.TitleAndLogo" name="checkLogo" time="0.195"/>
  <testcase classname="learntesting.PriorityDemo" name="startapp" time="4.822"/>
  <testcase classname="learntesting.PriorityDemo" name="loginapp" time="3.489"/>
  <testcase classname="learntesting.PriorityDemo" name="signoff" time="1.214"/>
  <testcase classname="learntesting.PriorityDemo" name="closebrowser" time="0.323"/>
</testsuite> <!-- Test -->
